<?xml version="1.0" encoding="UTF-8"?>
<!-- Generated by org.testng.reporters.JUnitReportReporter -->
<testsuite hostname="DESKTOP-LOJ32VN" failures="0" tests="2" name="tests.MovieDetailsTest" time="36.695" errors="0" timestamp="2022-10-20T00:30:05 IST" skipped="0">
  <testcase classname="tests.MovieDetailsTest" name="movieCountryCheck" time="21.357"/>
  <system-out/>
  <testcase classname="tests.MovieDetailsTest" name="movieReleaseDateCheck" time="15.338"/>
  <system-out/>
</testsuite> <!-- tests.MovieDetailsTest -->
