<?xml version="1.0" encoding="UTF-8"?>
<!-- Generated by org.testng.reporters.JUnitReportReporter -->
<testsuite hostname="DESKTOP-LOJ32VN" failures="0" tests="1" name="rupjit.wikiImdbTest.AppTest" time="14.402" errors="0" timestamp="2022-10-19T17:34:50 IST" skipped="0">
  <testcase classname="rupjit.wikiImdbTest.AppTest" name="movieDetails" time="14.402"/>
  <system-out/>
</testsuite> <!-- rupjit.wikiImdbTest.AppTest -->
