<?xml version="1.0" encoding="UTF-8"?>
<!-- Generated by org.testng.reporters.JUnitReportReporter -->
<testsuite hostname="DESKTOP-LOJ32VN" failures="0" tests="2" name="tests.MovieDetailsTest" time="32.348" errors="0" timestamp="2022-10-21T01:29:53 IST" skipped="0">
  <testcase classname="tests.MovieDetailsTest" name="movieReleaseDateCheck" time="16.826"/>
  <system-out/>
  <testcase classname="tests.MovieDetailsTest" name="movieCountryCheck" time="15.522"/>
  <system-out/>
</testsuite> <!-- tests.MovieDetailsTest -->
