<?xml version="1.0" encoding="UTF-8"?>
<!-- Generated by org.testng.reporters.JUnitReportReporter -->
<testsuite hostname="DESKTOP-LOJ32VN" failures="0" tests="2" name="tests.MovieDetailsTest" time="27.318" errors="0" timestamp="19 Oct 2022 19:19:08 GMT" skipped="0">
  <testcase classname="tests.MovieDetailsTest" name="movieReleaseDateCheck" time="14.166"/>
  <testcase classname="tests.MovieDetailsTest" name="movieCountryCheck" time="13.152"/>
</testsuite> <!-- tests.MovieDetailsTest -->
