<?xml version="1.0" encoding="UTF-8"?>
<!-- Generated by org.testng.reporters.JUnitReportReporter -->
<testsuite hostname="DESKTOP-LOJ32VN" failures="0" tests="2" name="tests.MovieDetailsTest" time="29.943" errors="0" timestamp="20 Oct 2022 19:05:06 GMT" skipped="0">
  <testcase classname="tests.MovieDetailsTest" name="movieReleaseDateCheck" time="15.504"/>
  <testcase classname="tests.MovieDetailsTest" name="movieCountryCheck" time="14.439"/>
</testsuite> <!-- tests.MovieDetailsTest -->
