<?xml version="1.0" encoding="UTF-8"?>
<!-- Generated by org.testng.reporters.JUnitReportReporter -->
<testsuite hostname="DESKTOP-LOJ32VN" failures="0" tests="2" name="tests.MovieDetailsTest" time="33.892" errors="0" timestamp="20 Oct 2022 18:57:49 GMT" skipped="0">
  <testcase classname="tests.MovieDetailsTest" name="movieCountryCheck" time="18.509"/>
  <testcase classname="tests.MovieDetailsTest" name="movieReleaseDateCheck" time="15.383"/>
</testsuite> <!-- tests.MovieDetailsTest -->
